<?xml version="1.0" encoding="UTF-8"?>
<!-- Generated by org.testng.reporters.JUnitReportReporter -->
<testsuite hostname="DESKTOP-O5BDQNS" failures="0" tests="1" name="folders.LoginTest" time="53.706" errors="0" timestamp="2024-06-10T15:32:08 IST" skipped="0">
  <testcase classname="folders.LoginTest" name="userLogin" time="53.706"/>
</testsuite> <!-- folders.LoginTest -->
