<?xml version="1.0" encoding="UTF-8"?>
<!-- Generated by org.testng.reporters.JUnitReportReporter -->
<testsuite hostname="DESKTOP-O5BDQNS" failures="0" tests="1" name="folders.LoginTest" time="20.064" errors="0" timestamp="2024-06-10T18:41:13 IST" skipped="0">
  <testcase classname="folders.LoginTest" name="userLogin" time="20.064"/>
</testsuite> <!-- folders.LoginTest -->
