<?xml version="1.0" encoding="UTF-8"?>
<!-- Generated by org.testng.reporters.JUnitReportReporter -->
<testsuite hostname="DESKTOP-O5BDQNS" failures="0" tests="1" name="factory.TestCase" time="4.882" errors="0" timestamp="2024-05-31T11:10:23 IST" skipped="0">
  <testcase classname="factory.TestCase" name="method" time="4.882"/>
</testsuite> <!-- factory.TestCase -->
