<?xml version="1.0" encoding="UTF-8"?>
<!-- Generated by org.testng.reporters.JUnitReportReporter -->
<testsuite hostname="DESKTOP-O5BDQNS" failures="0" tests="1" name="folders.LoginTest" time="22.205" errors="0" timestamp="2024-06-17T15:07:58 IST" skipped="0">
  <testcase classname="folders.LoginTest" name="userLogin" time="22.205"/>
</testsuite> <!-- folders.LoginTest -->
