<?xml version="1.0" encoding="UTF-8"?>
<!-- Generated by org.testng.reporters.JUnitReportReporter -->
<testsuite hostname="DESKTOP-O5BDQNS" failures="0" tests="1" name="folders.LoginTest" time="17.861" errors="0" timestamp="2024-06-22T08:57:29 IST" skipped="0">
  <testcase classname="folders.LoginTest" name="userLogin" time="17.861"/>
</testsuite> <!-- folders.LoginTest -->
