<?xml version="1.0" encoding="UTF-8"?>
<!-- Generated by org.testng.reporters.JUnitReportReporter -->
<testsuite hostname="DESKTOP-O5BDQNS" failures="0" tests="1" name="Table" time="4.566" errors="0" timestamp="2024-06-20T14:57:24 IST" skipped="0">
  <testcase classname="Table" name="tableMethod" time="4.566"/>
</testsuite> <!-- Table -->
