<?xml version="1.0" encoding="UTF-8"?>
<!-- Generated by org.testng.reporters.JUnitReportReporter -->
<testsuite hostname="DESKTOP-O5BDQNS" failures="0" tests="1" name="folders.TestCase" time="9.842" errors="0" timestamp="2024-06-03T13:00:02 IST" skipped="0">
  <testcase classname="folders.TestCase" name="method" time="9.842"/>
</testsuite> <!-- folders.TestCase -->
